[1/2] STEP 1/6: FROM node:latest AS build
[1/2] STEP 2/6: WORKDIR /usr/src/app
--> Using cache d2520a43fdc31b865e90fb8ed70f0a7ae263ef862c9479b44165e65a3ef54a76
--> d2520a43fdc3
[1/2] STEP 3/6: COPY package*.json ./
--> e68fefe65ab6
[1/2] STEP 4/6: RUN npm install
(node:2) MaxListenersExceededWarning: Possible EventEmitter memory leak detected. 11 close listeners added to [TLSSocket]. Use emitter.setMaxListeners() to increase limit
(Use `node --trace-warnings ...` to show where the warning was created)
(node:2) MaxListenersExceededWarning: Possible EventEmitter memory leak detected. 11 close listeners added to [TLSSocket]. Use emitter.setMaxListeners() to increase limit
(node:2) MaxListenersExceededWarning: Possible EventEmitter memory leak detected. 11 close listeners added to [TLSSocket]. Use emitter.setMaxListeners() to increase limit
(node:2) MaxListenersExceededWarning: Possible EventEmitter memory leak detected. 11 close listeners added to [TLSSocket]. Use emitter.setMaxListeners() to increase limit
(node:2) MaxListenersExceededWarning: Possible EventEmitter memory leak detected. 11 close listeners added to [TLSSocket]. Use emitter.setMaxListeners() to increase limit
(node:2) MaxListenersExceededWarning: Possible EventEmitter memory leak detected. 11 close listeners added to [TLSSocket]. Use emitter.setMaxListeners() to increase limit
(node:2) MaxListenersExceededWarning: Possible EventEmitter memory leak detected. 11 close listeners added to [TLSSocket]. Use emitter.setMaxListeners() to increase limit
(node:2) MaxListenersExceededWarning: Possible EventEmitter memory leak detected. 11 close listeners added to [TLSSocket]. Use emitter.setMaxListeners() to increase limit
(node:2) MaxListenersExceededWarning: Possible EventEmitter memory leak detected. 11 close listeners added to [TLSSocket]. Use emitter.setMaxListeners() to increase limit
(node:2) MaxListenersExceededWarning: Possible EventEmitter memory leak detected. 11 close listeners added to [TLSSocket]. Use emitter.setMaxListeners() to increase limit
(node:2) MaxListenersExceededWarning: Possible EventEmitter memory leak detected. 11 close listeners added to [TLSSocket]. Use emitter.setMaxListeners() to increase limit
(node:2) MaxListenersExceededWarning: Possible EventEmitter memory leak detected. 11 close listeners added to [TLSSocket]. Use emitter.setMaxListeners() to increase limit
(node:2) MaxListenersExceededWarning: Possible EventEmitter memory leak detected. 11 close listeners added to [TLSSocket]. Use emitter.setMaxListeners() to increase limit
(node:2) MaxListenersExceededWarning: Possible EventEmitter memory leak detected. 11 close listeners added to [TLSSocket]. Use emitter.setMaxListeners() to increase limit
(node:2) MaxListenersExceededWarning: Possible EventEmitter memory leak detected. 11 close listeners added to [TLSSocket]. Use emitter.setMaxListeners() to increase limit
(node:2) MaxListenersExceededWarning: Possible EventEmitter memory leak detected. 11 close listeners added to [TLSSocket]. Use emitter.setMaxListeners() to increase limit
(node:2) MaxListenersExceededWarning: Possible EventEmitter memory leak detected. 11 close listeners added to [TLSSocket]. Use emitter.setMaxListeners() to increase limit
(node:2) MaxListenersExceededWarning: Possible EventEmitter memory leak detected. 11 close listeners added to [TLSSocket]. Use emitter.setMaxListeners() to increase limit
(node:2) MaxListenersExceededWarning: Possible EventEmitter memory leak detected. 11 close listeners added to [TLSSocket]. Use emitter.setMaxListeners() to increase limit
(node:2) MaxListenersExceededWarning: Possible EventEmitter memory leak detected. 11 close listeners added to [TLSSocket]. Use emitter.setMaxListeners() to increase limit
(node:2) MaxListenersExceededWarning: Possible EventEmitter memory leak detected. 11 close listeners added to [TLSSocket]. Use emitter.setMaxListeners() to increase limit
(node:2) MaxListenersExceededWarning: Possible EventEmitter memory leak detected. 11 close listeners added to [TLSSocket]. Use emitter.setMaxListeners() to increase limit
(node:2) MaxListenersExceededWarning: Possible EventEmitter memory leak detected. 11 close listeners added to [TLSSocket]. Use emitter.setMaxListeners() to increase limit
(node:2) MaxListenersExceededWarning: Possible EventEmitter memory leak detected. 11 close listeners added to [TLSSocket]. Use emitter.setMaxListeners() to increase limit
(node:2) MaxListenersExceededWarning: Possible EventEmitter memory leak detected. 11 close listeners added to [TLSSocket]. Use emitter.setMaxListeners() to increase limit
(node:2) MaxListenersExceededWarning: Possible EventEmitter memory leak detected. 11 close listeners added to [TLSSocket]. Use emitter.setMaxListeners() to increase limit
(node:2) MaxListenersExceededWarning: Possible EventEmitter memory leak detected. 11 close listeners added to [TLSSocket]. Use emitter.setMaxListeners() to increase limit
(node:2) MaxListenersExceededWarning: Possible EventEmitter memory leak detected. 11 close listeners added to [TLSSocket]. Use emitter.setMaxListeners() to increase limit
(node:2) MaxListenersExceededWarning: Possible EventEmitter memory leak detected. 11 close listeners added to [TLSSocket]. Use emitter.setMaxListeners() to increase limit
(node:2) MaxListenersExceededWarning: Possible EventEmitter memory leak detected. 11 close listeners added to [TLSSocket]. Use emitter.setMaxListeners() to increase limit
(node:2) MaxListenersExceededWarning: Possible EventEmitter memory leak detected. 11 close listeners added to [TLSSocket]. Use emitter.setMaxListeners() to increase limit
(node:2) MaxListenersExceededWarning: Possible EventEmitter memory leak detected. 11 close listeners added to [TLSSocket]. Use emitter.setMaxListeners() to increase limit
(node:2) MaxListenersExceededWarning: Possible EventEmitter memory leak detected. 11 close listeners added to [TLSSocket]. Use emitter.setMaxListeners() to increase limit
(node:2) MaxListenersExceededWarning: Possible EventEmitter memory leak detected. 11 close listeners added to [TLSSocket]. Use emitter.setMaxListeners() to increase limit
(node:2) MaxListenersExceededWarning: Possible EventEmitter memory leak detected. 11 close listeners added to [TLSSocket]. Use emitter.setMaxListeners() to increase limit
(node:2) MaxListenersExceededWarning: Possible EventEmitter memory leak detected. 11 close listeners added to [TLSSocket]. Use emitter.setMaxListeners() to increase limit
(node:2) MaxListenersExceededWarning: Possible EventEmitter memory leak detected. 11 close listeners added to [TLSSocket]. Use emitter.setMaxListeners() to increase limit
(node:2) MaxListenersExceededWarning: Possible EventEmitter memory leak detected. 11 close listeners added to [TLSSocket]. Use emitter.setMaxListeners() to increase limit
(node:2) MaxListenersExceededWarning: Possible EventEmitter memory leak detected. 11 close listeners added to [TLSSocket]. Use emitter.setMaxListeners() to increase limit
(node:2) MaxListenersExceededWarning: Possible EventEmitter memory leak detected. 11 close listeners added to [TLSSocket]. Use emitter.setMaxListeners() to increase limit
(node:2) MaxListenersExceededWarning: Possible EventEmitter memory leak detected. 11 close listeners added to [TLSSocket]. Use emitter.setMaxListeners() to increase limit
(node:2) MaxListenersExceededWarning: Possible EventEmitter memory leak detected. 11 close listeners added to [TLSSocket]. Use emitter.setMaxListeners() to increase limit
(node:2) MaxListenersExceededWarning: Possible EventEmitter memory leak detected. 11 close listeners added to [TLSSocket]. Use emitter.setMaxListeners() to increase limit
(node:2) MaxListenersExceededWarning: Possible EventEmitter memory leak detected. 11 close listeners added to [TLSSocket]. Use emitter.setMaxListeners() to increase limit
(node:2) MaxListenersExceededWarning: Possible EventEmitter memory leak detected. 11 close listeners added to [TLSSocket]. Use emitter.setMaxListeners() to increase limit
(node:2) MaxListenersExceededWarning: Possible EventEmitter memory leak detected. 11 close listeners added to [TLSSocket]. Use emitter.setMaxListeners() to increase limit
(node:2) MaxListenersExceededWarning: Possible EventEmitter memory leak detected. 11 close listeners added to [TLSSocket]. Use emitter.setMaxListeners() to increase limit
(node:2) MaxListenersExceededWarning: Possible EventEmitter memory leak detected. 11 close listeners added to [TLSSocket]. Use emitter.setMaxListeners() to increase limit
(node:2) MaxListenersExceededWarning: Possible EventEmitter memory leak detected. 11 close listeners added to [TLSSocket]. Use emitter.setMaxListeners() to increase limit
(node:2) MaxListenersExceededWarning: Possible EventEmitter memory leak detected. 11 close listeners added to [TLSSocket]. Use emitter.setMaxListeners() to increase limit
(node:2) MaxListenersExceededWarning: Possible EventEmitter memory leak detected. 11 close listeners added to [TLSSocket]. Use emitter.setMaxListeners() to increase limit
(node:2) MaxListenersExceededWarning: Possible EventEmitter memory leak detected. 11 close listeners added to [TLSSocket]. Use emitter.setMaxListeners() to increase limit
(node:2) MaxListenersExceededWarning: Possible EventEmitter memory leak detected. 11 close listeners added to [TLSSocket]. Use emitter.setMaxListeners() to increase limit
(node:2) MaxListenersExceededWarning: Possible EventEmitter memory leak detected. 11 close listeners added to [TLSSocket]. Use emitter.setMaxListeners() to increase limit
(node:2) MaxListenersExceededWarning: Possible EventEmitter memory leak detected. 11 close listeners added to [TLSSocket]. Use emitter.setMaxListeners() to increase limit
(node:2) MaxListenersExceededWarning: Possible EventEmitter memory leak detected. 11 close listeners added to [TLSSocket]. Use emitter.setMaxListeners() to increase limit
(node:2) MaxListenersExceededWarning: Possible EventEmitter memory leak detected. 11 close listeners added to [TLSSocket]. Use emitter.setMaxListeners() to increase limit
(node:2) MaxListenersExceededWarning: Possible EventEmitter memory leak detected. 11 close listeners added to [TLSSocket]. Use emitter.setMaxListeners() to increase limit
(node:2) MaxListenersExceededWarning: Possible EventEmitter memory leak detected. 11 close listeners added to [TLSSocket]. Use emitter.setMaxListeners() to increase limit
(node:2) MaxListenersExceededWarning: Possible EventEmitter memory leak detected. 11 close listeners added to [TLSSocket]. Use emitter.setMaxListeners() to increase limit
(node:2) MaxListenersExceededWarning: Possible EventEmitter memory leak detected. 11 close listeners added to [TLSSocket]. Use emitter.setMaxListeners() to increase limit
(node:2) MaxListenersExceededWarning: Possible EventEmitter memory leak detected. 11 close listeners added to [TLSSocket]. Use emitter.setMaxListeners() to increase limit
(node:2) MaxListenersExceededWarning: Possible EventEmitter memory leak detected. 11 close listeners added to [TLSSocket]. Use emitter.setMaxListeners() to increase limit
(node:2) MaxListenersExceededWarning: Possible EventEmitter memory leak detected. 11 close listeners added to [TLSSocket]. Use emitter.setMaxListeners() to increase limit
(node:2) MaxListenersExceededWarning: Possible EventEmitter memory leak detected. 11 close listeners added to [TLSSocket]. Use emitter.setMaxListeners() to increase limit
(node:2) MaxListenersExceededWarning: Possible EventEmitter memory leak detected. 11 close listeners added to [TLSSocket]. Use emitter.setMaxListeners() to increase limit
(node:2) MaxListenersExceededWarning: Possible EventEmitter memory leak detected. 11 close listeners added to [TLSSocket]. Use emitter.setMaxListeners() to increase limit
(node:2) MaxListenersExceededWarning: Possible EventEmitter memory leak detected. 11 close listeners added to [TLSSocket]. Use emitter.setMaxListeners() to increase limit
(node:2) MaxListenersExceededWarning: Possible EventEmitter memory leak detected. 11 close listeners added to [TLSSocket]. Use emitter.setMaxListeners() to increase limit
(node:2) MaxListenersExceededWarning: Possible EventEmitter memory leak detected. 11 close listeners added to [TLSSocket]. Use emitter.setMaxListeners() to increase limit
(node:2) MaxListenersExceededWarning: Possible EventEmitter memory leak detected. 11 close listeners added to [TLSSocket]. Use emitter.setMaxListeners() to increase limit
(node:2) MaxListenersExceededWarning: Possible EventEmitter memory leak detected. 11 close listeners added to [TLSSocket]. Use emitter.setMaxListeners() to increase limit
(node:2) MaxListenersExceededWarning: Possible EventEmitter memory leak detected. 11 close listeners added to [TLSSocket]. Use emitter.setMaxListeners() to increase limit
(node:2) MaxListenersExceededWarning: Possible EventEmitter memory leak detected. 11 close listeners added to [TLSSocket]. Use emitter.setMaxListeners() to increase limit
(node:2) MaxListenersExceededWarning: Possible EventEmitter memory leak detected. 11 close listeners added to [TLSSocket]. Use emitter.setMaxListeners() to increase limit
(node:2) MaxListenersExceededWarning: Possible EventEmitter memory leak detected. 11 close listeners added to [TLSSocket]. Use emitter.setMaxListeners() to increase limit
(node:2) MaxListenersExceededWarning: Possible EventEmitter memory leak detected. 11 close listeners added to [TLSSocket]. Use emitter.setMaxListeners() to increase limit
(node:2) MaxListenersExceededWarning: Possible EventEmitter memory leak detected. 11 close listeners added to [TLSSocket]. Use emitter.setMaxListeners() to increase limit
(node:2) MaxListenersExceededWarning: Possible EventEmitter memory leak detected. 11 close listeners added to [TLSSocket]. Use emitter.setMaxListeners() to increase limit
(node:2) MaxListenersExceededWarning: Possible EventEmitter memory leak detected. 11 close listeners added to [TLSSocket]. Use emitter.setMaxListeners() to increase limit
(node:2) MaxListenersExceededWarning: Possible EventEmitter memory leak detected. 11 close listeners added to [TLSSocket]. Use emitter.setMaxListeners() to increase limit
(node:2) MaxListenersExceededWarning: Possible EventEmitter memory leak detected. 11 close listeners added to [TLSSocket]. Use emitter.setMaxListeners() to increase limit
(node:2) MaxListenersExceededWarning: Possible EventEmitter memory leak detected. 11 close listeners added to [TLSSocket]. Use emitter.setMaxListeners() to increase limit
(node:2) MaxListenersExceededWarning: Possible EventEmitter memory leak detected. 11 close listeners added to [TLSSocket]. Use emitter.setMaxListeners() to increase limit
(node:2) MaxListenersExceededWarning: Possible EventEmitter memory leak detected. 11 close listeners added to [TLSSocket]. Use emitter.setMaxListeners() to increase limit
(node:2) MaxListenersExceededWarning: Possible EventEmitter memory leak detected. 11 close listeners added to [TLSSocket]. Use emitter.setMaxListeners() to increase limit
(node:2) MaxListenersExceededWarning: Possible EventEmitter memory leak detected. 11 close listeners added to [TLSSocket]. Use emitter.setMaxListeners() to increase limit
(node:2) MaxListenersExceededWarning: Possible EventEmitter memory leak detected. 11 close listeners added to [TLSSocket]. Use emitter.setMaxListeners() to increase limit
(node:2) MaxListenersExceededWarning: Possible EventEmitter memory leak detected. 11 close listeners added to [TLSSocket]. Use emitter.setMaxListeners() to increase limit
(node:2) MaxListenersExceededWarning: Possible EventEmitter memory leak detected. 11 close listeners added to [TLSSocket]. Use emitter.setMaxListeners() to increase limit
(node:2) MaxListenersExceededWarning: Possible EventEmitter memory leak detected. 11 close listeners added to [TLSSocket]. Use emitter.setMaxListeners() to increase limit
(node:2) MaxListenersExceededWarning: Possible EventEmitter memory leak detected. 11 close listeners added to [TLSSocket]. Use emitter.setMaxListeners() to increase limit
(node:2) MaxListenersExceededWarning: Possible EventEmitter memory leak detected. 11 close listeners added to [TLSSocket]. Use emitter.setMaxListeners() to increase limit
(node:2) MaxListenersExceededWarning: Possible EventEmitter memory leak detected. 11 close listeners added to [TLSSocket]. Use emitter.setMaxListeners() to increase limit
(node:2) MaxListenersExceededWarning: Possible EventEmitter memory leak detected. 11 close listeners added to [TLSSocket]. Use emitter.setMaxListeners() to increase limit
(node:2) MaxListenersExceededWarning: Possible EventEmitter memory leak detected. 11 close listeners added to [TLSSocket]. Use emitter.setMaxListeners() to increase limit
(node:2) MaxListenersExceededWarning: Possible EventEmitter memory leak detected. 11 close listeners added to [TLSSocket]. Use emitter.setMaxListeners() to increase limit
(node:2) MaxListenersExceededWarning: Possible EventEmitter memory leak detected. 11 close listeners added to [TLSSocket]. Use emitter.setMaxListeners() to increase limit
(node:2) MaxListenersExceededWarning: Possible EventEmitter memory leak detected. 11 close listeners added to [TLSSocket]. Use emitter.setMaxListeners() to increase limit
(node:2) MaxListenersExceededWarning: Possible EventEmitter memory leak detected. 11 close listeners added to [TLSSocket]. Use emitter.setMaxListeners() to increase limit
(node:2) MaxListenersExceededWarning: Possible EventEmitter memory leak detected. 11 close listeners added to [TLSSocket]. Use emitter.setMaxListeners() to increase limit
(node:2) MaxListenersExceededWarning: Possible EventEmitter memory leak detected. 11 close listeners added to [TLSSocket]. Use emitter.setMaxListeners() to increase limit
(node:2) MaxListenersExceededWarning: Possible EventEmitter memory leak detected. 11 close listeners added to [TLSSocket]. Use emitter.setMaxListeners() to increase limit
(node:2) MaxListenersExceededWarning: Possible EventEmitter memory leak detected. 11 close listeners added to [TLSSocket]. Use emitter.setMaxListeners() to increase limit
(node:2) MaxListenersExceededWarning: Possible EventEmitter memory leak detected. 11 close listeners added to [TLSSocket]. Use emitter.setMaxListeners() to increase limit
(node:2) MaxListenersExceededWarning: Possible EventEmitter memory leak detected. 11 close listeners added to [TLSSocket]. Use emitter.setMaxListeners() to increase limit
(node:2) MaxListenersExceededWarning: Possible EventEmitter memory leak detected. 11 close listeners added to [TLSSocket]. Use emitter.setMaxListeners() to increase limit
(node:2) MaxListenersExceededWarning: Possible EventEmitter memory leak detected. 11 close listeners added to [TLSSocket]. Use emitter.setMaxListeners() to increase limit
(node:2) MaxListenersExceededWarning: Possible EventEmitter memory leak detected. 11 close listeners added to [TLSSocket]. Use emitter.setMaxListeners() to increase limit
(node:2) MaxListenersExceededWarning: Possible EventEmitter memory leak detected. 11 close listeners added to [TLSSocket]. Use emitter.setMaxListeners() to increase limit
(node:2) MaxListenersExceededWarning: Possible EventEmitter memory leak detected. 11 close listeners added to [TLSSocket]. Use emitter.setMaxListeners() to increase limit
(node:2) MaxListenersExceededWarning: Possible EventEmitter memory leak detected. 11 close listeners added to [TLSSocket]. Use emitter.setMaxListeners() to increase limit
(node:2) MaxListenersExceededWarning: Possible EventEmitter memory leak detected. 11 close listeners added to [TLSSocket]. Use emitter.setMaxListeners() to increase limit
(node:2) MaxListenersExceededWarning: Possible EventEmitter memory leak detected. 11 close listeners added to [TLSSocket]. Use emitter.setMaxListeners() to increase limit
(node:2) MaxListenersExceededWarning: Possible EventEmitter memory leak detected. 11 close listeners added to [TLSSocket]. Use emitter.setMaxListeners() to increase limit
(node:2) MaxListenersExceededWarning: Possible EventEmitter memory leak detected. 11 close listeners added to [TLSSocket]. Use emitter.setMaxListeners() to increase limit
(node:2) MaxListenersExceededWarning: Possible EventEmitter memory leak detected. 11 close listeners added to [TLSSocket]. Use emitter.setMaxListeners() to increase limit
(node:2) MaxListenersExceededWarning: Possible EventEmitter memory leak detected. 11 close listeners added to [TLSSocket]. Use emitter.setMaxListeners() to increase limit
(node:2) MaxListenersExceededWarning: Possible EventEmitter memory leak detected. 11 close listeners added to [TLSSocket]. Use emitter.setMaxListeners() to increase limit
(node:2) MaxListenersExceededWarning: Possible EventEmitter memory leak detected. 11 close listeners added to [TLSSocket]. Use emitter.setMaxListeners() to increase limit
(node:2) MaxListenersExceededWarning: Possible EventEmitter memory leak detected. 11 close listeners added to [TLSSocket]. Use emitter.setMaxListeners() to increase limit
(node:2) MaxListenersExceededWarning: Possible EventEmitter memory leak detected. 11 close listeners added to [TLSSocket]. Use emitter.setMaxListeners() to increase limit
(node:2) MaxListenersExceededWarning: Possible EventEmitter memory leak detected. 11 close listeners added to [TLSSocket]. Use emitter.setMaxListeners() to increase limit
(node:2) MaxListenersExceededWarning: Possible EventEmitter memory leak detected. 11 close listeners added to [TLSSocket]. Use emitter.setMaxListeners() to increase limit
(node:2) MaxListenersExceededWarning: Possible EventEmitter memory leak detected. 11 close listeners added to [TLSSocket]. Use emitter.setMaxListeners() to increase limit
(node:2) MaxListenersExceededWarning: Possible EventEmitter memory leak detected. 11 close listeners added to [TLSSocket]. Use emitter.setMaxListeners() to increase limit
(node:2) MaxListenersExceededWarning: Possible EventEmitter memory leak detected. 11 close listeners added to [TLSSocket]. Use emitter.setMaxListeners() to increase limit
(node:2) MaxListenersExceededWarning: Possible EventEmitter memory leak detected. 11 close listeners added to [TLSSocket]. Use emitter.setMaxListeners() to increase limit
(node:2) MaxListenersExceededWarning: Possible EventEmitter memory leak detected. 11 close listeners added to [TLSSocket]. Use emitter.setMaxListeners() to increase limit
(node:2) MaxListenersExceededWarning: Possible EventEmitter memory leak detected. 11 close listeners added to [TLSSocket]. Use emitter.setMaxListeners() to increase limit
(node:2) MaxListenersExceededWarning: Possible EventEmitter memory leak detected. 11 close listeners added to [TLSSocket]. Use emitter.setMaxListeners() to increase limit
(node:2) MaxListenersExceededWarning: Possible EventEmitter memory leak detected. 11 close listeners added to [TLSSocket]. Use emitter.setMaxListeners() to increase limit
(node:2) MaxListenersExceededWarning: Possible EventEmitter memory leak detected. 11 close listeners added to [TLSSocket]. Use emitter.setMaxListeners() to increase limit
(node:2) MaxListenersExceededWarning: Possible EventEmitter memory leak detected. 11 close listeners added to [TLSSocket]. Use emitter.setMaxListeners() to increase limit
(node:2) MaxListenersExceededWarning: Possible EventEmitter memory leak detected. 11 close listeners added to [TLSSocket]. Use emitter.setMaxListeners() to increase limit
(node:2) MaxListenersExceededWarning: Possible EventEmitter memory leak detected. 11 close listeners added to [TLSSocket]. Use emitter.setMaxListeners() to increase limit
(node:2) MaxListenersExceededWarning: Possible EventEmitter memory leak detected. 11 close listeners added to [TLSSocket]. Use emitter.setMaxListeners() to increase limit
(node:2) MaxListenersExceededWarning: Possible EventEmitter memory leak detected. 11 close listeners added to [TLSSocket]. Use emitter.setMaxListeners() to increase limit
(node:2) MaxListenersExceededWarning: Possible EventEmitter memory leak detected. 11 close listeners added to [TLSSocket]. Use emitter.setMaxListeners() to increase limit
(node:2) MaxListenersExceededWarning: Possible EventEmitter memory leak detected. 11 close listeners added to [TLSSocket]. Use emitter.setMaxListeners() to increase limit
(node:2) MaxListenersExceededWarning: Possible EventEmitter memory leak detected. 11 close listeners added to [TLSSocket]. Use emitter.setMaxListeners() to increase limit
(node:2) MaxListenersExceededWarning: Possible EventEmitter memory leak detected. 11 close listeners added to [TLSSocket]. Use emitter.setMaxListeners() to increase limit
(node:2) MaxListenersExceededWarning: Possible EventEmitter memory leak detected. 11 close listeners added to [TLSSocket]. Use emitter.setMaxListeners() to increase limit
(node:2) MaxListenersExceededWarning: Possible EventEmitter memory leak detected. 11 close listeners added to [TLSSocket]. Use emitter.setMaxListeners() to increase limit
(node:2) MaxListenersExceededWarning: Possible EventEmitter memory leak detected. 11 close listeners added to [TLSSocket]. Use emitter.setMaxListeners() to increase limit
(node:2) MaxListenersExceededWarning: Possible EventEmitter memory leak detected. 11 close listeners added to [TLSSocket]. Use emitter.setMaxListeners() to increase limit
(node:2) MaxListenersExceededWarning: Possible EventEmitter memory leak detected. 11 close listeners added to [TLSSocket]. Use emitter.setMaxListeners() to increase limit
(node:2) MaxListenersExceededWarning: Possible EventEmitter memory leak detected. 11 close listeners added to [TLSSocket]. Use emitter.setMaxListeners() to increase limit
(node:2) MaxListenersExceededWarning: Possible EventEmitter memory leak detected. 11 close listeners added to [TLSSocket]. Use emitter.setMaxListeners() to increase limit
(node:2) MaxListenersExceededWarning: Possible EventEmitter memory leak detected. 11 close listeners added to [TLSSocket]. Use emitter.setMaxListeners() to increase limit
(node:2) MaxListenersExceededWarning: Possible EventEmitter memory leak detected. 11 close listeners added to [TLSSocket]. Use emitter.setMaxListeners() to increase limit
(node:2) MaxListenersExceededWarning: Possible EventEmitter memory leak detected. 11 close listeners added to [TLSSocket]. Use emitter.setMaxListeners() to increase limit
(node:2) MaxListenersExceededWarning: Possible EventEmitter memory leak detected. 11 close listeners added to [TLSSocket]. Use emitter.setMaxListeners() to increase limit
(node:2) MaxListenersExceededWarning: Possible EventEmitter memory leak detected. 11 close listeners added to [TLSSocket]. Use emitter.setMaxListeners() to increase limit
(node:2) MaxListenersExceededWarning: Possible EventEmitter memory leak detected. 11 close listeners added to [TLSSocket]. Use emitter.setMaxListeners() to increase limit
(node:2) MaxListenersExceededWarning: Possible EventEmitter memory leak detected. 11 close listeners added to [TLSSocket]. Use emitter.setMaxListeners() to increase limit
(node:2) MaxListenersExceededWarning: Possible EventEmitter memory leak detected. 11 close listeners added to [TLSSocket]. Use emitter.setMaxListeners() to increase limit
(node:2) MaxListenersExceededWarning: Possible EventEmitter memory leak detected. 11 close listeners added to [TLSSocket]. Use emitter.setMaxListeners() to increase limit
(node:2) MaxListenersExceededWarning: Possible EventEmitter memory leak detected. 11 close listeners added to [TLSSocket]. Use emitter.setMaxListeners() to increase limit
(node:2) MaxListenersExceededWarning: Possible EventEmitter memory leak detected. 11 close listeners added to [TLSSocket]. Use emitter.setMaxListeners() to increase limit
(node:2) MaxListenersExceededWarning: Possible EventEmitter memory leak detected. 11 close listeners added to [TLSSocket]. Use emitter.setMaxListeners() to increase limit
(node:2) MaxListenersExceededWarning: Possible EventEmitter memory leak detected. 11 close listeners added to [TLSSocket]. Use emitter.setMaxListeners() to increase limit
(node:2) MaxListenersExceededWarning: Possible EventEmitter memory leak detected. 11 close listeners added to [TLSSocket]. Use emitter.setMaxListeners() to increase limit
(node:2) MaxListenersExceededWarning: Possible EventEmitter memory leak detected. 11 close listeners added to [TLSSocket]. Use emitter.setMaxListeners() to increase limit
(node:2) MaxListenersExceededWarning: Possible EventEmitter memory leak detected. 11 close listeners added to [TLSSocket]. Use emitter.setMaxListeners() to increase limit
(node:2) MaxListenersExceededWarning: Possible EventEmitter memory leak detected. 11 close listeners added to [TLSSocket]. Use emitter.setMaxListeners() to increase limit
(node:2) MaxListenersExceededWarning: Possible EventEmitter memory leak detected. 11 close listeners added to [TLSSocket]. Use emitter.setMaxListeners() to increase limit
(node:2) MaxListenersExceededWarning: Possible EventEmitter memory leak detected. 11 close listeners added to [TLSSocket]. Use emitter.setMaxListeners() to increase limit
(node:2) MaxListenersExceededWarning: Possible EventEmitter memory leak detected. 11 close listeners added to [TLSSocket]. Use emitter.setMaxListeners() to increase limit
(node:2) MaxListenersExceededWarning: Possible EventEmitter memory leak detected. 11 close listeners added to [TLSSocket]. Use emitter.setMaxListeners() to increase limit
(node:2) MaxListenersExceededWarning: Possible EventEmitter memory leak detected. 11 close listeners added to [TLSSocket]. Use emitter.setMaxListeners() to increase limit
(node:2) MaxListenersExceededWarning: Possible EventEmitter memory leak detected. 11 close listeners added to [TLSSocket]. Use emitter.setMaxListeners() to increase limit
(node:2) MaxListenersExceededWarning: Possible EventEmitter memory leak detected. 11 close listeners added to [TLSSocket]. Use emitter.setMaxListeners() to increase limit
(node:2) MaxListenersExceededWarning: Possible EventEmitter memory leak detected. 11 close listeners added to [TLSSocket]. Use emitter.setMaxListeners() to increase limit
(node:2) MaxListenersExceededWarning: Possible EventEmitter memory leak detected. 11 close listeners added to [TLSSocket]. Use emitter.setMaxListeners() to increase limit
(node:2) MaxListenersExceededWarning: Possible EventEmitter memory leak detected. 11 close listeners added to [TLSSocket]. Use emitter.setMaxListeners() to increase limit
(node:2) MaxListenersExceededWarning: Possible EventEmitter memory leak detected. 11 close listeners added to [TLSSocket]. Use emitter.setMaxListeners() to increase limit
(node:2) MaxListenersExceededWarning: Possible EventEmitter memory leak detected. 11 close listeners added to [TLSSocket]. Use emitter.setMaxListeners() to increase limit
(node:2) MaxListenersExceededWarning: Possible EventEmitter memory leak detected. 11 close listeners added to [TLSSocket]. Use emitter.setMaxListeners() to increase limit
(node:2) MaxListenersExceededWarning: Possible EventEmitter memory leak detected. 11 close listeners added to [TLSSocket]. Use emitter.setMaxListeners() to increase limit
(node:2) MaxListenersExceededWarning: Possible EventEmitter memory leak detected. 11 close listeners added to [TLSSocket]. Use emitter.setMaxListeners() to increase limit
(node:2) MaxListenersExceededWarning: Possible EventEmitter memory leak detected. 11 close listeners added to [TLSSocket]. Use emitter.setMaxListeners() to increase limit
(node:2) MaxListenersExceededWarning: Possible EventEmitter memory leak detected. 11 close listeners added to [TLSSocket]. Use emitter.setMaxListeners() to increase limit
(node:2) MaxListenersExceededWarning: Possible EventEmitter memory leak detected. 11 close listeners added to [TLSSocket]. Use emitter.setMaxListeners() to increase limit
(node:2) MaxListenersExceededWarning: Possible EventEmitter memory leak detected. 11 close listeners added to [TLSSocket]. Use emitter.setMaxListeners() to increase limit
(node:2) MaxListenersExceededWarning: Possible EventEmitter memory leak detected. 11 close listeners added to [TLSSocket]. Use emitter.setMaxListeners() to increase limit
(node:2) MaxListenersExceededWarning: Possible EventEmitter memory leak detected. 11 close listeners added to [TLSSocket]. Use emitter.setMaxListeners() to increase limit
(node:2) MaxListenersExceededWarning: Possible EventEmitter memory leak detected. 11 close listeners added to [TLSSocket]. Use emitter.setMaxListeners() to increase limit
(node:2) MaxListenersExceededWarning: Possible EventEmitter memory leak detected. 11 close listeners added to [TLSSocket]. Use emitter.setMaxListeners() to increase limit
(node:2) MaxListenersExceededWarning: Possible EventEmitter memory leak detected. 11 close listeners added to [TLSSocket]. Use emitter.setMaxListeners() to increase limit
(node:2) MaxListenersExceededWarning: Possible EventEmitter memory leak detected. 11 close listeners added to [TLSSocket]. Use emitter.setMaxListeners() to increase limit
(node:2) MaxListenersExceededWarning: Possible EventEmitter memory leak detected. 11 close listeners added to [TLSSocket]. Use emitter.setMaxListeners() to increase limit
(node:2) MaxListenersExceededWarning: Possible EventEmitter memory leak detected. 11 close listeners added to [TLSSocket]. Use emitter.setMaxListeners() to increase limit
(node:2) MaxListenersExceededWarning: Possible EventEmitter memory leak detected. 11 close listeners added to [TLSSocket]. Use emitter.setMaxListeners() to increase limit
(node:2) MaxListenersExceededWarning: Possible EventEmitter memory leak detected. 11 close listeners added to [TLSSocket]. Use emitter.setMaxListeners() to increase limit
(node:2) MaxListenersExceededWarning: Possible EventEmitter memory leak detected. 11 close listeners added to [TLSSocket]. Use emitter.setMaxListeners() to increase limit
(node:2) MaxListenersExceededWarning: Possible EventEmitter memory leak detected. 11 close listeners added to [TLSSocket]. Use emitter.setMaxListeners() to increase limit
(node:2) MaxListenersExceededWarning: Possible EventEmitter memory leak detected. 11 close listeners added to [TLSSocket]. Use emitter.setMaxListeners() to increase limit
(node:2) MaxListenersExceededWarning: Possible EventEmitter memory leak detected. 11 close listeners added to [TLSSocket]. Use emitter.setMaxListeners() to increase limit
(node:2) MaxListenersExceededWarning: Possible EventEmitter memory leak detected. 11 close listeners added to [TLSSocket]. Use emitter.setMaxListeners() to increase limit
(node:2) MaxListenersExceededWarning: Possible EventEmitter memory leak detected. 11 close listeners added to [TLSSocket]. Use emitter.setMaxListeners() to increase limit
(node:2) MaxListenersExceededWarning: Possible EventEmitter memory leak detected. 11 close listeners added to [TLSSocket]. Use emitter.setMaxListeners() to increase limit
(node:2) MaxListenersExceededWarning: Possible EventEmitter memory leak detected. 11 close listeners added to [TLSSocket]. Use emitter.setMaxListeners() to increase limit
(node:2) MaxListenersExceededWarning: Possible EventEmitter memory leak detected. 11 close listeners added to [TLSSocket]. Use emitter.setMaxListeners() to increase limit
(node:2) MaxListenersExceededWarning: Possible EventEmitter memory leak detected. 11 close listeners added to [TLSSocket]. Use emitter.setMaxListeners() to increase limit
(node:2) MaxListenersExceededWarning: Possible EventEmitter memory leak detected. 11 close listeners added to [TLSSocket]. Use emitter.setMaxListeners() to increase limit
(node:2) MaxListenersExceededWarning: Possible EventEmitter memory leak detected. 11 close listeners added to [TLSSocket]. Use emitter.setMaxListeners() to increase limit
(node:2) MaxListenersExceededWarning: Possible EventEmitter memory leak detected. 11 close listeners added to [TLSSocket]. Use emitter.setMaxListeners() to increase limit
(node:2) MaxListenersExceededWarning: Possible EventEmitter memory leak detected. 11 close listeners added to [TLSSocket]. Use emitter.setMaxListeners() to increase limit
(node:2) MaxListenersExceededWarning: Possible EventEmitter memory leak detected. 11 close listeners added to [TLSSocket]. Use emitter.setMaxListeners() to increase limit
(node:2) MaxListenersExceededWarning: Possible EventEmitter memory leak detected. 11 close listeners added to [TLSSocket]. Use emitter.setMaxListeners() to increase limit
(node:2) MaxListenersExceededWarning: Possible EventEmitter memory leak detected. 11 close listeners added to [TLSSocket]. Use emitter.setMaxListeners() to increase limit
(node:2) MaxListenersExceededWarning: Possible EventEmitter memory leak detected. 11 close listeners added to [TLSSocket]. Use emitter.setMaxListeners() to increase limit
(node:2) MaxListenersExceededWarning: Possible EventEmitter memory leak detected. 11 close listeners added to [TLSSocket]. Use emitter.setMaxListeners() to increase limit
(node:2) MaxListenersExceededWarning: Possible EventEmitter memory leak detected. 11 close listeners added to [TLSSocket]. Use emitter.setMaxListeners() to increase limit
(node:2) MaxListenersExceededWarning: Possible EventEmitter memory leak detected. 11 close listeners added to [TLSSocket]. Use emitter.setMaxListeners() to increase limit
(node:2) MaxListenersExceededWarning: Possible EventEmitter memory leak detected. 11 close listeners added to [TLSSocket]. Use emitter.setMaxListeners() to increase limit
(node:2) MaxListenersExceededWarning: Possible EventEmitter memory leak detected. 11 close listeners added to [TLSSocket]. Use emitter.setMaxListeners() to increase limit
(node:2) MaxListenersExceededWarning: Possible EventEmitter memory leak detected. 11 close listeners added to [TLSSocket]. Use emitter.setMaxListeners() to increase limit
(node:2) MaxListenersExceededWarning: Possible EventEmitter memory leak detected. 11 close listeners added to [TLSSocket]. Use emitter.setMaxListeners() to increase limit
(node:2) MaxListenersExceededWarning: Possible EventEmitter memory leak detected. 11 close listeners added to [TLSSocket]. Use emitter.setMaxListeners() to increase limit
(node:2) MaxListenersExceededWarning: Possible EventEmitter memory leak detected. 11 close listeners added to [TLSSocket]. Use emitter.setMaxListeners() to increase limit
(node:2) MaxListenersExceededWarning: Possible EventEmitter memory leak detected. 11 close listeners added to [TLSSocket]. Use emitter.setMaxListeners() to increase limit
(node:2) MaxListenersExceededWarning: Possible EventEmitter memory leak detected. 11 close listeners added to [TLSSocket]. Use emitter.setMaxListeners() to increase limit
(node:2) MaxListenersExceededWarning: Possible EventEmitter memory leak detected. 11 close listeners added to [TLSSocket]. Use emitter.setMaxListeners() to increase limit
(node:2) MaxListenersExceededWarning: Possible EventEmitter memory leak detected. 11 close listeners added to [TLSSocket]. Use emitter.setMaxListeners() to increase limit
(node:2) MaxListenersExceededWarning: Possible EventEmitter memory leak detected. 11 close listeners added to [TLSSocket]. Use emitter.setMaxListeners() to increase limit
(node:2) MaxListenersExceededWarning: Possible EventEmitter memory leak detected. 11 close listeners added to [TLSSocket]. Use emitter.setMaxListeners() to increase limit
(node:2) MaxListenersExceededWarning: Possible EventEmitter memory leak detected. 11 close listeners added to [TLSSocket]. Use emitter.setMaxListeners() to increase limit
(node:2) MaxListenersExceededWarning: Possible EventEmitter memory leak detected. 11 close listeners added to [TLSSocket]. Use emitter.setMaxListeners() to increase limit
(node:2) MaxListenersExceededWarning: Possible EventEmitter memory leak detected. 11 close listeners added to [TLSSocket]. Use emitter.setMaxListeners() to increase limit
(node:2) MaxListenersExceededWarning: Possible EventEmitter memory leak detected. 11 close listeners added to [TLSSocket]. Use emitter.setMaxListeners() to increase limit
(node:2) MaxListenersExceededWarning: Possible EventEmitter memory leak detected. 11 close listeners added to [TLSSocket]. Use emitter.setMaxListeners() to increase limit
(node:2) MaxListenersExceededWarning: Possible EventEmitter memory leak detected. 11 close listeners added to [TLSSocket]. Use emitter.setMaxListeners() to increase limit
(node:2) MaxListenersExceededWarning: Possible EventEmitter memory leak detected. 11 close listeners added to [TLSSocket]. Use emitter.setMaxListeners() to increase limit
(node:2) MaxListenersExceededWarning: Possible EventEmitter memory leak detected. 11 close listeners added to [TLSSocket]. Use emitter.setMaxListeners() to increase limit
(node:2) MaxListenersExceededWarning: Possible EventEmitter memory leak detected. 11 close listeners added to [TLSSocket]. Use emitter.setMaxListeners() to increase limit
(node:2) MaxListenersExceededWarning: Possible EventEmitter memory leak detected. 11 close listeners added to [TLSSocket]. Use emitter.setMaxListeners() to increase limit
(node:2) MaxListenersExceededWarning: Possible EventEmitter memory leak detected. 11 close listeners added to [TLSSocket]. Use emitter.setMaxListeners() to increase limit
(node:2) MaxListenersExceededWarning: Possible EventEmitter memory leak detected. 11 close listeners added to [TLSSocket]. Use emitter.setMaxListeners() to increase limit
(node:2) MaxListenersExceededWarning: Possible EventEmitter memory leak detected. 11 close listeners added to [TLSSocket]. Use emitter.setMaxListeners() to increase limit
(node:2) MaxListenersExceededWarning: Possible EventEmitter memory leak detected. 11 close listeners added to [TLSSocket]. Use emitter.setMaxListeners() to increase limit
(node:2) MaxListenersExceededWarning: Possible EventEmitter memory leak detected. 11 close listeners added to [TLSSocket]. Use emitter.setMaxListeners() to increase limit
(node:2) MaxListenersExceededWarning: Possible EventEmitter memory leak detected. 11 close listeners added to [TLSSocket]. Use emitter.setMaxListeners() to increase limit
(node:2) MaxListenersExceededWarning: Possible EventEmitter memory leak detected. 11 close listeners added to [TLSSocket]. Use emitter.setMaxListeners() to increase limit
(node:2) MaxListenersExceededWarning: Possible EventEmitter memory leak detected. 11 close listeners added to [TLSSocket]. Use emitter.setMaxListeners() to increase limit
(node:2) MaxListenersExceededWarning: Possible EventEmitter memory leak detected. 11 close listeners added to [TLSSocket]. Use emitter.setMaxListeners() to increase limit
(node:2) MaxListenersExceededWarning: Possible EventEmitter memory leak detected. 11 close listeners added to [TLSSocket]. Use emitter.setMaxListeners() to increase limit
(node:2) MaxListenersExceededWarning: Possible EventEmitter memory leak detected. 11 close listeners added to [TLSSocket]. Use emitter.setMaxListeners() to increase limit
(node:2) MaxListenersExceededWarning: Possible EventEmitter memory leak detected. 11 close listeners added to [TLSSocket]. Use emitter.setMaxListeners() to increase limit
(node:2) MaxListenersExceededWarning: Possible EventEmitter memory leak detected. 11 close listeners added to [TLSSocket]. Use emitter.setMaxListeners() to increase limit
(node:2) MaxListenersExceededWarning: Possible EventEmitter memory leak detected. 11 close listeners added to [TLSSocket]. Use emitter.setMaxListeners() to increase limit
(node:2) MaxListenersExceededWarning: Possible EventEmitter memory leak detected. 11 close listeners added to [TLSSocket]. Use emitter.setMaxListeners() to increase limit
(node:2) MaxListenersExceededWarning: Possible EventEmitter memory leak detected. 11 close listeners added to [TLSSocket]. Use emitter.setMaxListeners() to increase limit
(node:2) MaxListenersExceededWarning: Possible EventEmitter memory leak detected. 11 close listeners added to [TLSSocket]. Use emitter.setMaxListeners() to increase limit
(node:2) MaxListenersExceededWarning: Possible EventEmitter memory leak detected. 11 close listeners added to [TLSSocket]. Use emitter.setMaxListeners() to increase limit
(node:2) MaxListenersExceededWarning: Possible EventEmitter memory leak detected. 11 close listeners added to [TLSSocket]. Use emitter.setMaxListeners() to increase limit
(node:2) MaxListenersExceededWarning: Possible EventEmitter memory leak detected. 11 close listeners added to [TLSSocket]. Use emitter.setMaxListeners() to increase limit
(node:2) MaxListenersExceededWarning: Possible EventEmitter memory leak detected. 11 close listeners added to [TLSSocket]. Use emitter.setMaxListeners() to increase limit
(node:2) MaxListenersExceededWarning: Possible EventEmitter memory leak detected. 11 close listeners added to [TLSSocket]. Use emitter.setMaxListeners() to increase limit
(node:2) MaxListenersExceededWarning: Possible EventEmitter memory leak detected. 11 close listeners added to [TLSSocket]. Use emitter.setMaxListeners() to increase limit
(node:2) MaxListenersExceededWarning: Possible EventEmitter memory leak detected. 11 close listeners added to [TLSSocket]. Use emitter.setMaxListeners() to increase limit
(node:2) MaxListenersExceededWarning: Possible EventEmitter memory leak detected. 11 close listeners added to [TLSSocket]. Use emitter.setMaxListeners() to increase limit
(node:2) MaxListenersExceededWarning: Possible EventEmitter memory leak detected. 11 close listeners added to [TLSSocket]. Use emitter.setMaxListeners() to increase limit
(node:2) MaxListenersExceededWarning: Possible EventEmitter memory leak detected. 11 close listeners added to [TLSSocket]. Use emitter.setMaxListeners() to increase limit
(node:2) MaxListenersExceededWarning: Possible EventEmitter memory leak detected. 11 close listeners added to [TLSSocket]. Use emitter.setMaxListeners() to increase limit
(node:2) MaxListenersExceededWarning: Possible EventEmitter memory leak detected. 11 close listeners added to [TLSSocket]. Use emitter.setMaxListeners() to increase limit
(node:2) MaxListenersExceededWarning: Possible EventEmitter memory leak detected. 11 close listeners added to [TLSSocket]. Use emitter.setMaxListeners() to increase limit
(node:2) MaxListenersExceededWarning: Possible EventEmitter memory leak detected. 11 close listeners added to [TLSSocket]. Use emitter.setMaxListeners() to increase limit
(node:2) MaxListenersExceededWarning: Possible EventEmitter memory leak detected. 11 close listeners added to [TLSSocket]. Use emitter.setMaxListeners() to increase limit
(node:2) MaxListenersExceededWarning: Possible EventEmitter memory leak detected. 11 close listeners added to [TLSSocket]. Use emitter.setMaxListeners() to increase limit
(node:2) MaxListenersExceededWarning: Possible EventEmitter memory leak detected. 11 close listeners added to [TLSSocket]. Use emitter.setMaxListeners() to increase limit
(node:2) MaxListenersExceededWarning: Possible EventEmitter memory leak detected. 11 close listeners added to [TLSSocket]. Use emitter.setMaxListeners() to increase limit
(node:2) MaxListenersExceededWarning: Possible EventEmitter memory leak detected. 11 close listeners added to [TLSSocket]. Use emitter.setMaxListeners() to increase limit
(node:2) MaxListenersExceededWarning: Possible EventEmitter memory leak detected. 11 close listeners added to [TLSSocket]. Use emitter.setMaxListeners() to increase limit
(node:2) MaxListenersExceededWarning: Possible EventEmitter memory leak detected. 11 close listeners added to [TLSSocket]. Use emitter.setMaxListeners() to increase limit
(node:2) MaxListenersExceededWarning: Possible EventEmitter memory leak detected. 11 close listeners added to [TLSSocket]. Use emitter.setMaxListeners() to increase limit
(node:2) MaxListenersExceededWarning: Possible EventEmitter memory leak detected. 11 close listeners added to [TLSSocket]. Use emitter.setMaxListeners() to increase limit
(node:2) MaxListenersExceededWarning: Possible EventEmitter memory leak detected. 11 close listeners added to [TLSSocket]. Use emitter.setMaxListeners() to increase limit
(node:2) MaxListenersExceededWarning: Possible EventEmitter memory leak detected. 11 close listeners added to [TLSSocket]. Use emitter.setMaxListeners() to increase limit
(node:2) MaxListenersExceededWarning: Possible EventEmitter memory leak detected. 11 close listeners added to [TLSSocket]. Use emitter.setMaxListeners() to increase limit
(node:2) MaxListenersExceededWarning: Possible EventEmitter memory leak detected. 11 close listeners added to [TLSSocket]. Use emitter.setMaxListeners() to increase limit
(node:2) MaxListenersExceededWarning: Possible EventEmitter memory leak detected. 11 close listeners added to [TLSSocket]. Use emitter.setMaxListeners() to increase limit
(node:2) MaxListenersExceededWarning: Possible EventEmitter memory leak detected. 11 close listeners added to [TLSSocket]. Use emitter.setMaxListeners() to increase limit
(node:2) MaxListenersExceededWarning: Possible EventEmitter memory leak detected. 11 close listeners added to [TLSSocket]. Use emitter.setMaxListeners() to increase limit
(node:2) MaxListenersExceededWarning: Possible EventEmitter memory leak detected. 11 close listeners added to [TLSSocket]. Use emitter.setMaxListeners() to increase limit
(node:2) MaxListenersExceededWarning: Possible EventEmitter memory leak detected. 11 close listeners added to [TLSSocket]. Use emitter.setMaxListeners() to increase limit
(node:2) MaxListenersExceededWarning: Possible EventEmitter memory leak detected. 11 close listeners added to [TLSSocket]. Use emitter.setMaxListeners() to increase limit
(node:2) MaxListenersExceededWarning: Possible EventEmitter memory leak detected. 11 close listeners added to [TLSSocket]. Use emitter.setMaxListeners() to increase limit
(node:2) MaxListenersExceededWarning: Possible EventEmitter memory leak detected. 11 close listeners added to [TLSSocket]. Use emitter.setMaxListeners() to increase limit
(node:2) MaxListenersExceededWarning: Possible EventEmitter memory leak detected. 11 close listeners added to [TLSSocket]. Use emitter.setMaxListeners() to increase limit
(node:2) MaxListenersExceededWarning: Possible EventEmitter memory leak detected. 11 close listeners added to [TLSSocket]. Use emitter.setMaxListeners() to increase limit
(node:2) MaxListenersExceededWarning: Possible EventEmitter memory leak detected. 11 close listeners added to [TLSSocket]. Use emitter.setMaxListeners() to increase limit
(node:2) MaxListenersExceededWarning: Possible EventEmitter memory leak detected. 11 close listeners added to [TLSSocket]. Use emitter.setMaxListeners() to increase limit
(node:2) MaxListenersExceededWarning: Possible EventEmitter memory leak detected. 11 close listeners added to [TLSSocket]. Use emitter.setMaxListeners() to increase limit
(node:2) MaxListenersExceededWarning: Possible EventEmitter memory leak detected. 11 close listeners added to [TLSSocket]. Use emitter.setMaxListeners() to increase limit
(node:2) MaxListenersExceededWarning: Possible EventEmitter memory leak detected. 11 close listeners added to [TLSSocket]. Use emitter.setMaxListeners() to increase limit
(node:2) MaxListenersExceededWarning: Possible EventEmitter memory leak detected. 11 close listeners added to [TLSSocket]. Use emitter.setMaxListeners() to increase limit
(node:2) MaxListenersExceededWarning: Possible EventEmitter memory leak detected. 11 close listeners added to [TLSSocket]. Use emitter.setMaxListeners() to increase limit
(node:2) MaxListenersExceededWarning: Possible EventEmitter memory leak detected. 11 close listeners added to [TLSSocket]. Use emitter.setMaxListeners() to increase limit
(node:2) MaxListenersExceededWarning: Possible EventEmitter memory leak detected. 11 close listeners added to [TLSSocket]. Use emitter.setMaxListeners() to increase limit
(node:2) MaxListenersExceededWarning: Possible EventEmitter memory leak detected. 11 close listeners added to [TLSSocket]. Use emitter.setMaxListeners() to increase limit
(node:2) MaxListenersExceededWarning: Possible EventEmitter memory leak detected. 11 close listeners added to [TLSSocket]. Use emitter.setMaxListeners() to increase limit
(node:2) MaxListenersExceededWarning: Possible EventEmitter memory leak detected. 11 close listeners added to [TLSSocket]. Use emitter.setMaxListeners() to increase limit
(node:2) MaxListenersExceededWarning: Possible EventEmitter memory leak detected. 11 close listeners added to [TLSSocket]. Use emitter.setMaxListeners() to increase limit
(node:2) MaxListenersExceededWarning: Possible EventEmitter memory leak detected. 11 close listeners added to [TLSSocket]. Use emitter.setMaxListeners() to increase limit
(node:2) MaxListenersExceededWarning: Possible EventEmitter memory leak detected. 11 close listeners added to [TLSSocket]. Use emitter.setMaxListeners() to increase limit
(node:2) MaxListenersExceededWarning: Possible EventEmitter memory leak detected. 11 close listeners added to [TLSSocket]. Use emitter.setMaxListeners() to increase limit
(node:2) MaxListenersExceededWarning: Possible EventEmitter memory leak detected. 11 close listeners added to [TLSSocket]. Use emitter.setMaxListeners() to increase limit
(node:2) MaxListenersExceededWarning: Possible EventEmitter memory leak detected. 11 close listeners added to [TLSSocket]. Use emitter.setMaxListeners() to increase limit
(node:2) MaxListenersExceededWarning: Possible EventEmitter memory leak detected. 11 close listeners added to [TLSSocket]. Use emitter.setMaxListeners() to increase limit
(node:2) MaxListenersExceededWarning: Possible EventEmitter memory leak detected. 11 close listeners added to [TLSSocket]. Use emitter.setMaxListeners() to increase limit
(node:2) MaxListenersExceededWarning: Possible EventEmitter memory leak detected. 11 close listeners added to [TLSSocket]. Use emitter.setMaxListeners() to increase limit
(node:2) MaxListenersExceededWarning: Possible EventEmitter memory leak detected. 11 close listeners added to [TLSSocket]. Use emitter.setMaxListeners() to increase limit
(node:2) MaxListenersExceededWarning: Possible EventEmitter memory leak detected. 11 close listeners added to [TLSSocket]. Use emitter.setMaxListeners() to increase limit
(node:2) MaxListenersExceededWarning: Possible EventEmitter memory leak detected. 11 close listeners added to [TLSSocket]. Use emitter.setMaxListeners() to increase limit
(node:2) MaxListenersExceededWarning: Possible EventEmitter memory leak detected. 11 close listeners added to [TLSSocket]. Use emitter.setMaxListeners() to increase limit
(node:2) MaxListenersExceededWarning: Possible EventEmitter memory leak detected. 11 close listeners added to [TLSSocket]. Use emitter.setMaxListeners() to increase limit
(node:2) MaxListenersExceededWarning: Possible EventEmitter memory leak detected. 11 close listeners added to [TLSSocket]. Use emitter.setMaxListeners() to increase limit
(node:2) MaxListenersExceededWarning: Possible EventEmitter memory leak detected. 11 close listeners added to [TLSSocket]. Use emitter.setMaxListeners() to increase limit
(node:2) MaxListenersExceededWarning: Possible EventEmitter memory leak detected. 11 close listeners added to [TLSSocket]. Use emitter.setMaxListeners() to increase limit
(node:2) MaxListenersExceededWarning: Possible EventEmitter memory leak detected. 11 close listeners added to [TLSSocket]. Use emitter.setMaxListeners() to increase limit
(node:2) MaxListenersExceededWarning: Possible EventEmitter memory leak detected. 11 close listeners added to [TLSSocket]. Use emitter.setMaxListeners() to increase limit
(node:2) MaxListenersExceededWarning: Possible EventEmitter memory leak detected. 11 close listeners added to [TLSSocket]. Use emitter.setMaxListeners() to increase limit
(node:2) MaxListenersExceededWarning: Possible EventEmitter memory leak detected. 11 close listeners added to [TLSSocket]. Use emitter.setMaxListeners() to increase limit
(node:2) MaxListenersExceededWarning: Possible EventEmitter memory leak detected. 11 close listeners added to [TLSSocket]. Use emitter.setMaxListeners() to increase limit
(node:2) MaxListenersExceededWarning: Possible EventEmitter memory leak detected. 11 close listeners added to [TLSSocket]. Use emitter.setMaxListeners() to increase limit
(node:2) MaxListenersExceededWarning: Possible EventEmitter memory leak detected. 11 close listeners added to [TLSSocket]. Use emitter.setMaxListeners() to increase limit
(node:2) MaxListenersExceededWarning: Possible EventEmitter memory leak detected. 11 close listeners added to [TLSSocket]. Use emitter.setMaxListeners() to increase limit
(node:2) MaxListenersExceededWarning: Possible EventEmitter memory leak detected. 11 close listeners added to [TLSSocket]. Use emitter.setMaxListeners() to increase limit
(node:2) MaxListenersExceededWarning: Possible EventEmitter memory leak detected. 11 close listeners added to [TLSSocket]. Use emitter.setMaxListeners() to increase limit
(node:2) MaxListenersExceededWarning: Possible EventEmitter memory leak detected. 11 close listeners added to [TLSSocket]. Use emitter.setMaxListeners() to increase limit
(node:2) MaxListenersExceededWarning: Possible EventEmitter memory leak detected. 11 close listeners added to [TLSSocket]. Use emitter.setMaxListeners() to increase limit
(node:2) MaxListenersExceededWarning: Possible EventEmitter memory leak detected. 11 close listeners added to [TLSSocket]. Use emitter.setMaxListeners() to increase limit
(node:2) MaxListenersExceededWarning: Possible EventEmitter memory leak detected. 11 close listeners added to [TLSSocket]. Use emitter.setMaxListeners() to increase limit
(node:2) MaxListenersExceededWarning: Possible EventEmitter memory leak detected. 11 close listeners added to [TLSSocket]. Use emitter.setMaxListeners() to increase limit
(node:2) MaxListenersExceededWarning: Possible EventEmitter memory leak detected. 11 close listeners added to [TLSSocket]. Use emitter.setMaxListeners() to increase limit
(node:2) MaxListenersExceededWarning: Possible EventEmitter memory leak detected. 11 close listeners added to [TLSSocket]. Use emitter.setMaxListeners() to increase limit
(node:2) MaxListenersExceededWarning: Possible EventEmitter memory leak detected. 11 close listeners added to [TLSSocket]. Use emitter.setMaxListeners() to increase limit
(node:2) MaxListenersExceededWarning: Possible EventEmitter memory leak detected. 11 close listeners added to [TLSSocket]. Use emitter.setMaxListeners() to increase limit
(node:2) MaxListenersExceededWarning: Possible EventEmitter memory leak detected. 11 close listeners added to [TLSSocket]. Use emitter.setMaxListeners() to increase limit
(node:2) MaxListenersExceededWarning: Possible EventEmitter memory leak detected. 11 close listeners added to [TLSSocket]. Use emitter.setMaxListeners() to increase limit
(node:2) MaxListenersExceededWarning: Possible EventEmitter memory leak detected. 11 close listeners added to [TLSSocket]. Use emitter.setMaxListeners() to increase limit
(node:2) MaxListenersExceededWarning: Possible EventEmitter memory leak detected. 11 close listeners added to [TLSSocket]. Use emitter.setMaxListeners() to increase limit
(node:2) MaxListenersExceededWarning: Possible EventEmitter memory leak detected. 11 close listeners added to [TLSSocket]. Use emitter.setMaxListeners() to increase limit
(node:2) MaxListenersExceededWarning: Possible EventEmitter memory leak detected. 11 close listeners added to [TLSSocket]. Use emitter.setMaxListeners() to increase limit
(node:2) MaxListenersExceededWarning: Possible EventEmitter memory leak detected. 11 close listeners added to [TLSSocket]. Use emitter.setMaxListeners() to increase limit
(node:2) MaxListenersExceededWarning: Possible EventEmitter memory leak detected. 11 close listeners added to [TLSSocket]. Use emitter.setMaxListeners() to increase limit
(node:2) MaxListenersExceededWarning: Possible EventEmitter memory leak detected. 11 close listeners added to [TLSSocket]. Use emitter.setMaxListeners() to increase limit
(node:2) MaxListenersExceededWarning: Possible EventEmitter memory leak detected. 11 close listeners added to [TLSSocket]. Use emitter.setMaxListeners() to increase limit
(node:2) MaxListenersExceededWarning: Possible EventEmitter memory leak detected. 11 close listeners added to [TLSSocket]. Use emitter.setMaxListeners() to increase limit
(node:2) MaxListenersExceededWarning: Possible EventEmitter memory leak detected. 11 close listeners added to [TLSSocket]. Use emitter.setMaxListeners() to increase limit
(node:2) MaxListenersExceededWarning: Possible EventEmitter memory leak detected. 11 close listeners added to [TLSSocket]. Use emitter.setMaxListeners() to increase limit
(node:2) MaxListenersExceededWarning: Possible EventEmitter memory leak detected. 11 close listeners added to [TLSSocket]. Use emitter.setMaxListeners() to increase limit
(node:2) MaxListenersExceededWarning: Possible EventEmitter memory leak detected. 11 close listeners added to [TLSSocket]. Use emitter.setMaxListeners() to increase limit
(node:2) MaxListenersExceededWarning: Possible EventEmitter memory leak detected. 11 close listeners added to [TLSSocket]. Use emitter.setMaxListeners() to increase limit
(node:2) MaxListenersExceededWarning: Possible EventEmitter memory leak detected. 11 close listeners added to [TLSSocket]. Use emitter.setMaxListeners() to increase limit
(node:2) MaxListenersExceededWarning: Possible EventEmitter memory leak detected. 11 close listeners added to [TLSSocket]. Use emitter.setMaxListeners() to increase limit
(node:2) MaxListenersExceededWarning: Possible EventEmitter memory leak detected. 11 close listeners added to [TLSSocket]. Use emitter.setMaxListeners() to increase limit
(node:2) MaxListenersExceededWarning: Possible EventEmitter memory leak detected. 11 close listeners added to [TLSSocket]. Use emitter.setMaxListeners() to increase limit
(node:2) MaxListenersExceededWarning: Possible EventEmitter memory leak detected. 11 close listeners added to [TLSSocket]. Use emitter.setMaxListeners() to increase limit
(node:2) MaxListenersExceededWarning: Possible EventEmitter memory leak detected. 11 close listeners added to [TLSSocket]. Use emitter.setMaxListeners() to increase limit
(node:2) MaxListenersExceededWarning: Possible EventEmitter memory leak detected. 11 close listeners added to [TLSSocket]. Use emitter.setMaxListeners() to increase limit
(node:2) MaxListenersExceededWarning: Possible EventEmitter memory leak detected. 11 close listeners added to [TLSSocket]. Use emitter.setMaxListeners() to increase limit
(node:2) MaxListenersExceededWarning: Possible EventEmitter memory leak detected. 11 close listeners added to [TLSSocket]. Use emitter.setMaxListeners() to increase limit
(node:2) MaxListenersExceededWarning: Possible EventEmitter memory leak detected. 11 close listeners added to [TLSSocket]. Use emitter.setMaxListeners() to increase limit
(node:2) MaxListenersExceededWarning: Possible EventEmitter memory leak detected. 11 close listeners added to [TLSSocket]. Use emitter.setMaxListeners() to increase limit
(node:2) MaxListenersExceededWarning: Possible EventEmitter memory leak detected. 11 close listeners added to [TLSSocket]. Use emitter.setMaxListeners() to increase limit
(node:2) MaxListenersExceededWarning: Possible EventEmitter memory leak detected. 11 close listeners added to [TLSSocket]. Use emitter.setMaxListeners() to increase limit
(node:2) MaxListenersExceededWarning: Possible EventEmitter memory leak detected. 11 close listeners added to [TLSSocket]. Use emitter.setMaxListeners() to increase limit
(node:2) MaxListenersExceededWarning: Possible EventEmitter memory leak detected. 11 close listeners added to [TLSSocket]. Use emitter.setMaxListeners() to increase limit
(node:2) MaxListenersExceededWarning: Possible EventEmitter memory leak detected. 11 close listeners added to [TLSSocket]. Use emitter.setMaxListeners() to increase limit
(node:2) MaxListenersExceededWarning: Possible EventEmitter memory leak detected. 11 close listeners added to [TLSSocket]. Use emitter.setMaxListeners() to increase limit
(node:2) MaxListenersExceededWarning: Possible EventEmitter memory leak detected. 11 close listeners added to [TLSSocket]. Use emitter.setMaxListeners() to increase limit
(node:2) MaxListenersExceededWarning: Possible EventEmitter memory leak detected. 11 close listeners added to [TLSSocket]. Use emitter.setMaxListeners() to increase limit
(node:2) MaxListenersExceededWarning: Possible EventEmitter memory leak detected. 11 close listeners added to [TLSSocket]. Use emitter.setMaxListeners() to increase limit
(node:2) MaxListenersExceededWarning: Possible EventEmitter memory leak detected. 11 close listeners added to [TLSSocket]. Use emitter.setMaxListeners() to increase limit
(node:2) MaxListenersExceededWarning: Possible EventEmitter memory leak detected. 11 close listeners added to [TLSSocket]. Use emitter.setMaxListeners() to increase limit
(node:2) MaxListenersExceededWarning: Possible EventEmitter memory leak detected. 11 close listeners added to [TLSSocket]. Use emitter.setMaxListeners() to increase limit
(node:2) MaxListenersExceededWarning: Possible EventEmitter memory leak detected. 11 close listeners added to [TLSSocket]. Use emitter.setMaxListeners() to increase limit
(node:2) MaxListenersExceededWarning: Possible EventEmitter memory leak detected. 11 close listeners added to [TLSSocket]. Use emitter.setMaxListeners() to increase limit
(node:2) MaxListenersExceededWarning: Possible EventEmitter memory leak detected. 11 close listeners added to [TLSSocket]. Use emitter.setMaxListeners() to increase limit
(node:2) MaxListenersExceededWarning: Possible EventEmitter memory leak detected. 11 close listeners added to [TLSSocket]. Use emitter.setMaxListeners() to increase limit
(node:2) MaxListenersExceededWarning: Possible EventEmitter memory leak detected. 11 close listeners added to [TLSSocket]. Use emitter.setMaxListeners() to increase limit
(node:2) MaxListenersExceededWarning: Possible EventEmitter memory leak detected. 11 close listeners added to [TLSSocket]. Use emitter.setMaxListeners() to increase limit
(node:2) MaxListenersExceededWarning: Possible EventEmitter memory leak detected. 11 close listeners added to [TLSSocket]. Use emitter.setMaxListeners() to increase limit
(node:2) MaxListenersExceededWarning: Possible EventEmitter memory leak detected. 11 close listeners added to [TLSSocket]. Use emitter.setMaxListeners() to increase limit
(node:2) MaxListenersExceededWarning: Possible EventEmitter memory leak detected. 11 close listeners added to [TLSSocket]. Use emitter.setMaxListeners() to increase limit
(node:2) MaxListenersExceededWarning: Possible EventEmitter memory leak detected. 11 close listeners added to [TLSSocket]. Use emitter.setMaxListeners() to increase limit
(node:2) MaxListenersExceededWarning: Possible EventEmitter memory leak detected. 11 close listeners added to [TLSSocket]. Use emitter.setMaxListeners() to increase limit
(node:2) MaxListenersExceededWarning: Possible EventEmitter memory leak detected. 11 close listeners added to [TLSSocket]. Use emitter.setMaxListeners() to increase limit
(node:2) MaxListenersExceededWarning: Possible EventEmitter memory leak detected. 11 close listeners added to [TLSSocket]. Use emitter.setMaxListeners() to increase limit
(node:2) MaxListenersExceededWarning: Possible EventEmitter memory leak detected. 11 close listeners added to [TLSSocket]. Use emitter.setMaxListeners() to increase limit
(node:2) MaxListenersExceededWarning: Possible EventEmitter memory leak detected. 11 close listeners added to [TLSSocket]. Use emitter.setMaxListeners() to increase limit
(node:2) MaxListenersExceededWarning: Possible EventEmitter memory leak detected. 11 close listeners added to [TLSSocket]. Use emitter.setMaxListeners() to increase limit
(node:2) MaxListenersExceededWarning: Possible EventEmitter memory leak detected. 11 close listeners added to [TLSSocket]. Use emitter.setMaxListeners() to increase limit
(node:2) MaxListenersExceededWarning: Possible EventEmitter memory leak detected. 11 close listeners added to [TLSSocket]. Use emitter.setMaxListeners() to increase limit
(node:2) MaxListenersExceededWarning: Possible EventEmitter memory leak detected. 11 close listeners added to [TLSSocket]. Use emitter.setMaxListeners() to increase limit
(node:2) MaxListenersExceededWarning: Possible EventEmitter memory leak detected. 11 close listeners added to [TLSSocket]. Use emitter.setMaxListeners() to increase limit
(node:2) MaxListenersExceededWarning: Possible EventEmitter memory leak detected. 11 close listeners added to [TLSSocket]. Use emitter.setMaxListeners() to increase limit
(node:2) MaxListenersExceededWarning: Possible EventEmitter memory leak detected. 11 close listeners added to [TLSSocket]. Use emitter.setMaxListeners() to increase limit
(node:2) MaxListenersExceededWarning: Possible EventEmitter memory leak detected. 11 close listeners added to [TLSSocket]. Use emitter.setMaxListeners() to increase limit
(node:2) MaxListenersExceededWarning: Possible EventEmitter memory leak detected. 11 close listeners added to [TLSSocket]. Use emitter.setMaxListeners() to increase limit
(node:2) MaxListenersExceededWarning: Possible EventEmitter memory leak detected. 11 close listeners added to [TLSSocket]. Use emitter.setMaxListeners() to increase limit
(node:2) MaxListenersExceededWarning: Possible EventEmitter memory leak detected. 11 close listeners added to [TLSSocket]. Use emitter.setMaxListeners() to increase limit
(node:2) MaxListenersExceededWarning: Possible EventEmitter memory leak detected. 11 close listeners added to [TLSSocket]. Use emitter.setMaxListeners() to increase limit
(node:2) MaxListenersExceededWarning: Possible EventEmitter memory leak detected. 11 close listeners added to [TLSSocket]. Use emitter.setMaxListeners() to increase limit
(node:2) MaxListenersExceededWarning: Possible EventEmitter memory leak detected. 11 close listeners added to [TLSSocket]. Use emitter.setMaxListeners() to increase limit
(node:2) MaxListenersExceededWarning: Possible EventEmitter memory leak detected. 11 close listeners added to [TLSSocket]. Use emitter.setMaxListeners() to increase limit
(node:2) MaxListenersExceededWarning: Possible EventEmitter memory leak detected. 11 close listeners added to [TLSSocket]. Use emitter.setMaxListeners() to increase limit
npm ERR! code EMFILE
npm ERR! syscall open
npm ERR! path /root/.npm/_cacache/index-v5/da/0e/4e4a482ab0c895dcf65df3fbfc599e6996dbe3b80131b5d11f139bff1fb1
npm ERR! errno -24
npm ERR! EMFILE: too many open files, open '/root/.npm/_cacache/index-v5/da/0e/4e4a482ab0c895dcf65df3fbfc599e6996dbe3b80131b5d11f139bff1fb1'

npm ERR! A complete log of this run can be found in: /root/.npm/_logs/2023-10-04T16_00_29_933Z-debug-0.log
Error: building at STEP "RUN npm install": while running runtime: exit status 232

